0 info it worked if it ends with ok
1 verbose cli [ '/usr/bin/nodejs', '/usr/bin/npm', 'install', 'jshint', '-g' ]
2 info using npm@1.3.10
3 info using node@v0.10.25
4 verbose cache add [ 'jshint', null ]
5 verbose cache add name=undefined spec="jshint" args=["jshint",null]
6 verbose parsed url { protocol: null,
6 verbose parsed url   slashes: null,
6 verbose parsed url   auth: null,
6 verbose parsed url   host: null,
6 verbose parsed url   port: null,
6 verbose parsed url   hostname: null,
6 verbose parsed url   hash: null,
6 verbose parsed url   search: null,
6 verbose parsed url   query: null,
6 verbose parsed url   pathname: 'jshint',
6 verbose parsed url   path: 'jshint',
6 verbose parsed url   href: 'jshint' }
7 silly lockFile da5c03cb-jshint jshint
8 verbose lock jshint /home/ericksilva/.npm/da5c03cb-jshint.lock
9 silly lockFile da5c03cb-jshint jshint
10 silly lockFile da5c03cb-jshint jshint
11 verbose addNamed [ 'jshint', '' ]
12 verbose addNamed [ null, '*' ]
13 silly lockFile a02a2468-jshint jshint@
14 verbose lock jshint@ /home/ericksilva/.npm/a02a2468-jshint.lock
15 silly addNameRange { name: 'jshint', range: '*', hasData: false }
16 verbose url raw jshint
17 verbose url resolving [ 'https://registry.npmjs.org/', './jshint' ]
18 verbose url resolved https://registry.npmjs.org/jshint
19 info trying registry request attempt 1 at 15:23:36
20 verbose etag "4C6ZZLUA7ZGX6197LSHNEDLUK"
21 http GET https://registry.npmjs.org/jshint
22 info retry will retry, error on last attempt: Error: getaddrinfo ENOTFOUND
23 info trying registry request attempt 2 at 15:24:01
24 verbose etag "4C6ZZLUA7ZGX6197LSHNEDLUK"
25 http GET https://registry.npmjs.org/jshint
26 http 304 https://registry.npmjs.org/jshint
27 silly registry.get cb [ 304,
27 silly registry.get   { date: 'Mon, 06 Apr 2015 22:24:10 GMT',
27 silly registry.get     server: 'Apache',
27 silly registry.get     via: '1.1 varnish',
27 silly registry.get     'last-modified': 'Mon, 06 Apr 2015 22:24:10 GMT',
27 silly registry.get     'cache-control': 'max-age=60',
27 silly registry.get     etag: '"4C6ZZLUA7ZGX6197LSHNEDLUK"',
27 silly registry.get     age: '41',
27 silly registry.get     'x-served-by': 'cache-sjc3133-SJC',
27 silly registry.get     'x-cache': 'HIT',
27 silly registry.get     'x-cache-hits': '1',
27 silly registry.get     'x-timer': 'S1428359050.873896,VS0,VE0',
27 silly registry.get     vary: 'Accept',
27 silly registry.get     'content-length': '0',
27 silly registry.get     'keep-alive': 'timeout=10, max=50',
27 silly registry.get     connection: 'Keep-Alive' } ]
28 verbose etag jshint from cache
29 silly addNameRange number 2 { name: 'jshint', range: '*', hasData: true }
30 silly addNameRange versions [ 'jshint',
30 silly addNameRange   [ '0.1.8',
30 silly addNameRange     '0.1.9',
30 silly addNameRange     '0.2.0',
30 silly addNameRange     '0.2.1',
30 silly addNameRange     '0.2.2',
30 silly addNameRange     '0.2.3',
30 silly addNameRange     '0.3.0',
30 silly addNameRange     '0.3.1',
30 silly addNameRange     '0.4.0',
30 silly addNameRange     '0.5.0',
30 silly addNameRange     '0.5.1',
30 silly addNameRange     '0.5.2',
30 silly addNameRange     '0.5.3',
30 silly addNameRange     '0.5.4',
30 silly addNameRange     '0.5.5',
30 silly addNameRange     '0.5.6',
30 silly addNameRange     '0.5.7',
30 silly addNameRange     '0.5.8',
30 silly addNameRange     '0.5.9',
30 silly addNameRange     '0.6.0',
30 silly addNameRange     '0.6.1',
30 silly addNameRange     '0.6.2',
30 silly addNameRange     '0.6.3',
30 silly addNameRange     '0.7.0',
30 silly addNameRange     '0.7.1',
30 silly addNameRange     '0.7.2',
30 silly addNameRange     '0.7.3',
30 silly addNameRange     '0.8.0',
30 silly addNameRange     '0.8.1',
30 silly addNameRange     '0.8.2',
30 silly addNameRange     '0.9.0',
30 silly addNameRange     '0.9.1',
30 silly addNameRange     '1.0.0',
30 silly addNameRange     '1.1.0',
30 silly addNameRange     '2.0.0',
30 silly addNameRange     '2.0.1',
30 silly addNameRange     '2.1.0',
30 silly addNameRange     '2.1.1',
30 silly addNameRange     '2.1.2',
30 silly addNameRange     '2.1.3',
30 silly addNameRange     '2.1.4',
30 silly addNameRange     '2.1.5',
30 silly addNameRange     '2.1.6',
30 silly addNameRange     '2.1.7',
30 silly addNameRange     '2.1.8',
30 silly addNameRange     '2.1.9',
30 silly addNameRange     '2.1.10',
30 silly addNameRange     '2.1.11',
30 silly addNameRange     '2.2.0',
30 silly addNameRange     '2.3.0',
30 silly addNameRange     '2.4.0',
30 silly addNameRange     '2.4.1',
30 silly addNameRange     '2.4.2',
30 silly addNameRange     '2.4.3',
30 silly addNameRange     '2.4.4',
30 silly addNameRange     '2.5.0',
30 silly addNameRange     '2.5.1',
30 silly addNameRange     '2.5.2',
30 silly addNameRange     '2.5.3',
30 silly addNameRange     '2.5.4',
30 silly addNameRange     '2.5.5',
30 silly addNameRange     '2.5.6',
30 silly addNameRange     '2.5.7',
30 silly addNameRange     '2.5.8',
30 silly addNameRange     '2.5.9',
30 silly addNameRange     '2.5.10',
30 silly addNameRange     '2.5.11',
30 silly addNameRange     '2.6.0',
30 silly addNameRange     '2.6.1',
30 silly addNameRange     '2.6.2',
30 silly addNameRange     '2.6.3' ] ]
31 verbose addNamed [ 'jshint', '2.6.3' ]
32 verbose addNamed [ '2.6.3', '2.6.3' ]
33 silly lockFile 9cb6af4f-jshint-2-6-3 jshint@2.6.3
34 verbose lock jshint@2.6.3 /home/ericksilva/.npm/9cb6af4f-jshint-2-6-3.lock
35 silly lockFile 9cb6af4f-jshint-2-6-3 jshint@2.6.3
36 silly lockFile 9cb6af4f-jshint-2-6-3 jshint@2.6.3
37 silly lockFile a02a2468-jshint jshint@
38 silly lockFile a02a2468-jshint jshint@
39 silly resolved [ { name: 'jshint',
39 silly resolved     version: '2.6.3',
39 silly resolved     homepage: 'http://jshint.com/',
39 silly resolved     description: 'Static analysis tool for JavaScript',
39 silly resolved     author:
39 silly resolved      { name: 'Anton Kovalyov',
39 silly resolved        email: 'anton@kovalyov.net',
39 silly resolved        url: 'http://anton.kovalyov.net/' },
39 silly resolved     repository: { type: 'git', url: 'https://github.com/jshint/jshint.git' },
39 silly resolved     bugs: { url: 'https://github.com/jshint/jshint/issues' },
39 silly resolved     bin: { jshint: './bin/jshint' },
39 silly resolved     scripts:
39 silly resolved      { build: 'node bin/build',
39 silly resolved        coverage: 'istanbul -- cover ./node_modules/.bin/nodeunit tests/unit',
39 silly resolved        data: 'node scripts/generate-identifier-data',
39 silly resolved        pretest: 'jshint src && jscs src',
39 silly resolved        test: 'nodeunit tests tests/regression tests/unit' },
39 silly resolved     main: './src/jshint.js',
39 silly resolved     dependencies:
39 silly resolved      { cli: '0.6.x',
39 silly resolved        'console-browserify': '1.1.x',
39 silly resolved        exit: '0.1.x',
39 silly resolved        htmlparser2: '3.8.x',
39 silly resolved        minimatch: '1.0.x',
39 silly resolved        shelljs: '0.3.x',
39 silly resolved        'strip-json-comments': '1.0.x',
39 silly resolved        underscore: '1.6.x' },
39 silly resolved     devDependencies:
39 silly resolved      { browserify: '6.x',
39 silly resolved        coveralls: '2.11.x',
39 silly resolved        istanbul: '0.3.x',
39 silly resolved        jscs: '1.11.x',
39 silly resolved        jshint: '2.5.x',
39 silly resolved        'mock-stdin': '0.3.x',
39 silly resolved        nodeunit: '0.9.x',
39 silly resolved        regenerate: '1.0.x',
39 silly resolved        sinon: '1.11.x',
39 silly resolved        'unicode-6.3.0': '0.1.x' },
39 silly resolved     licenses: [ [Object] ],
39 silly resolved     preferGlobal: true,
39 silly resolved     files: [ 'bin', 'data', 'dist', 'src' ],
39 silly resolved     readme: '# JSHint, A Static Code Analysis Tool for JavaScript\n\n\\[ [Use it online](http://jshint.com/) • [About](http://jshint.com/about/) •\n[Docs](http://jshint.com/docs/) • [FAQ](http://jshint.com/docs/faq) •\n[Install](http://jshint.com/install/) • [Hack](http://jshint.com/hack/) •\n[Blog](http://jshint.com/blog/) • [Twitter](https://twitter.com/jshint/) \\]\n\n[![NPM version](https://img.shields.io/npm/v/jshint.svg?style=flat)](https://www.npmjs.com/package/jshint)\n[![Linux Build Status](https://img.shields.io/travis/jshint/jshint/master.svg?style=flat&label=Linux%20build)](https://travis-ci.org/jshint/jshint)\n[![Windows Build status](https://img.shields.io/appveyor/ci/jshint/jshint/master.svg?style=flat&label=Windows%20build)](https://ci.appveyor.com/project/jshint/jshint/branch/master)\n[![Dependency Status](https://img.shields.io/david/jshint/jshint.svg?style=flat)](https://david-dm.org/jshint/jshint)\n[![devDependency Status](https://img.shields.io/david/dev/jshint/jshint.svg?style=flat)](https://david-dm.org/jshint/jshint#info=devDependencies)\n[![Coverage Status](https://img.shields.io/coveralls/jshint/jshint.svg?style=flat)](https://coveralls.io/r/jshint/jshint?branch=master)\n\nJSHint is a community-driven tool to detect errors and potential problems\nin JavaScript code. It is very flexible so you can easily adjust it to your\nparticular coding guidelines and the environment you expect your code to\nexecute in.\n\n## Reporting a bug\n\nTo report a bug simply create a\n[new GitHub Issue](https://github.com/jshint/jshint/issues/new) and describe\nyour problem or suggestion. We welcome all kind of feedback regarding\nJSHint including but not limited to:\n\n * When JSHint doesn\'t work as expected\n * When JSHint complains about valid JavaScript code that works in all browsers\n * When you simply want a new option or feature\n\nBefore reporting a bug look around to see if there are any open or closed tickets\nthat cover your issue. And remember the wisdom: pull request > bug report > tweet.\n\n## Issue Priority\n\n- *P1:* Something is throwing exceptions; broken JSHint backward compatibility.\n- *P2:* Something is not being parsed correctly.\n- *P3:* Features that the core team will work on once P2s and P1s are done.\n- *P4:* Patches welcome; The request is good, but low priority.\n\n\n## License\n\nJSHint is distributed under the MIT License. One file and one file only\n(src/stable/jshint.js) is distributed under the slightly modified MIT License.\n\n## The JSHint Team\n\nJSHint is maintained by [Rick Waldron](https://github.com/rwaldron/), [Caitlin\nPotter](https://github.com/caitp/), [Mike\nSherov](https://github.com/mikesherov/), and [Mike\nPennisi](https://github.com/jugglinmike/).\n\n## Thank you!\n\nWe really appreciate all kind of feedback and contributions. Thanks for using and supporting JSHint!\n',
39 silly resolved     readmeFilename: 'README.md',
39 silly resolved     _id: 'jshint@2.6.3',
39 silly resolved     _from: 'jshint@' } ]
40 info install jshint@2.6.3 into /usr/local/lib
41 info installOne jshint@2.6.3
42 info /usr/local/lib/node_modules/jshint unbuild
43 verbose tar unpack /home/ericksilva/.npm/jshint/2.6.3/package.tgz
44 silly lockFile 59dfcd45-sr-local-lib-node-modules-jshint tar:///usr/local/lib/node_modules/jshint
45 verbose lock tar:///usr/local/lib/node_modules/jshint /home/ericksilva/.npm/59dfcd45-sr-local-lib-node-modules-jshint.lock
46 silly lockFile 9b6fbf55-lva-npm-jshint-2-6-3-package-tgz tar:///home/ericksilva/.npm/jshint/2.6.3/package.tgz
47 verbose lock tar:///home/ericksilva/.npm/jshint/2.6.3/package.tgz /home/ericksilva/.npm/9b6fbf55-lva-npm-jshint-2-6-3-package-tgz.lock
48 silly gunzTarPerm modes [ '755', '644' ]
49 error Error: EACCES, mkdir '/usr/local/lib/node_modules/jshint'
49 error  { [Error: EACCES, mkdir '/usr/local/lib/node_modules/jshint']
49 error   errno: 3,
49 error   code: 'EACCES',
49 error   path: '/usr/local/lib/node_modules/jshint',
49 error   fstream_type: 'Directory',
49 error   fstream_path: '/usr/local/lib/node_modules/jshint',
49 error   fstream_class: 'DirWriter',
49 error   fstream_stack:
49 error    [ '/usr/lib/nodejs/fstream/lib/dir-writer.js:36:23',
49 error      '/usr/lib/nodejs/mkdirp/index.js:37:53',
49 error      'Object.oncomplete (fs.js:107:15)' ] }
50 error Please try running this command again as root/Administrator.
51 error System Linux 3.13.0-37-generic
52 error command "/usr/bin/nodejs" "/usr/bin/npm" "install" "jshint" "-g"
53 error cwd /home/ericksilva/WebProgramming/assignment-7
54 error node -v v0.10.25
55 error npm -v 1.3.10
56 error path /usr/local/lib/node_modules/jshint
57 error fstream_path /usr/local/lib/node_modules/jshint
58 error fstream_type Directory
59 error fstream_class DirWriter
60 error code EACCES
61 error errno 3
62 error stack Error: EACCES, mkdir '/usr/local/lib/node_modules/jshint'
63 error fstream_stack /usr/lib/nodejs/fstream/lib/dir-writer.js:36:23
63 error fstream_stack /usr/lib/nodejs/mkdirp/index.js:37:53
63 error fstream_stack Object.oncomplete (fs.js:107:15)
64 verbose exit [ 3, true ]
